/home/jesse/rails_apps/erfan_project
Monday
8
UPDATE parkings SET parkingprob = 9 WHERE parkingname='Parking A'
UPDATE parkings SET parkingprob = 62 WHERE parkingname='Parking B'
UPDATE parkings SET parkingprob = 100 WHERE parkingname='Parking B1'
UPDATE parkings SET parkingprob = 39 WHERE parkingname='Parking B10'
UPDATE parkings SET parkingprob = 64 WHERE parkingname='Parking B11'
UPDATE parkings SET parkingprob = 95 WHERE parkingname='Parking B12'
UPDATE parkings SET parkingprob = 92 WHERE parkingname='Parking B13'
UPDATE parkings SET parkingprob = 108 WHERE parkingname='Parking B14'
UPDATE parkings SET parkingprob = 100 WHERE parkingname='Parking B15'
UPDATE parkings SET parkingprob = 47 WHERE parkingname='Parking B16'
UPDATE parkings SET parkingprob = 76 WHERE parkingname='Parking B17'
UPDATE parkings SET parkingprob = 93 WHERE parkingname='Parking B18'
UPDATE parkings SET parkingprob = 84 WHERE parkingname='Parking B2'
UPDATE parkings SET parkingprob = 70 WHERE parkingname='Parking B3'
UPDATE parkings SET parkingprob = 100 WHERE parkingname='Parking B4'
UPDATE parkings SET parkingprob = 9 WHERE parkingname='Parking B5'
UPDATE parkings SET parkingprob = 23 WHERE parkingname='Parking B6'
UPDATE parkings SET parkingprob = 52 WHERE parkingname='Parking B7'
UPDATE parkings SET parkingprob = 67 WHERE parkingname='Parking B8'
UPDATE parkings SET parkingprob = 94 WHERE parkingname='Parking B9'
UPDATE parkings SET parkingprob = 79 WHERE parkingname='Parking C'
UPDATE parkings SET parkingprob = 81 WHERE parkingname='Parking C1'
UPDATE parkings SET parkingprob = 79 WHERE parkingname='Parking C2'
UPDATE parkings SET parkingprob = 100 WHERE parkingname='Parking C3'
UPDATE parkings SET parkingprob = 11 WHERE parkingname='Parking D'
UPDATE parkings SET parkingprob = 59 WHERE parkingname='Parking D1'
UPDATE parkings SET parkingprob = 5 WHERE parkingname='Parking D2'
UPDATE parkings SET parkingprob = 84 WHERE parkingname='Parking E'
UPDATE parkings SET parkingprob = 76 WHERE parkingname='Parking E1'
UPDATE parkings SET parkingprob = 62 WHERE parkingname='Parking E2'
UPDATE parkings SET parkingprob = 15 WHERE parkingname='Parking E4'
UPDATE parkings SET parkingprob = 8 WHERE parkingname='Parking F'
UPDATE parkings SET parkingprob = 88 WHERE parkingname='Parking G'
UPDATE parkings SET parkingprob = 95 WHERE parkingname='Parking H'
UPDATE parkings SET parkingprob = 100 WHERE parkingname='Parking H1'
UPDATE parkings SET parkingprob = 3 WHERE parkingname='Parking H10'
UPDATE parkings SET parkingprob = 89 WHERE parkingname='Parking H2'
UPDATE parkings SET parkingprob = 51 WHERE parkingname='Parking H3'
UPDATE parkings SET parkingprob = 80 WHERE parkingname='Parking H4'
UPDATE parkings SET parkingprob = 100 WHERE parkingname='Parking H5'
UPDATE parkings SET parkingprob = 100 WHERE parkingname='Parking H6'
UPDATE parkings SET parkingprob = 82 WHERE parkingname='Parking H7'
UPDATE parkings SET parkingprob = 93 WHERE parkingname='Parking H8'
UPDATE parkings SET parkingprob = 78 WHERE parkingname='Parking H9'
UPDATE parkings SET parkingprob = 11 WHERE parkingname='Parking I'
/home/jesse/rails_apps/erfan_project
Monday
8
UPDATE parkings SET parkingprob = 9 WHERE parkingname='Parking A'
UPDATE parkings SET parkingprob = 62 WHERE parkingname='Parking B'
UPDATE parkings SET parkingprob = 100 WHERE parkingname='Parking B1'
UPDATE parkings SET parkingprob = 39 WHERE parkingname='Parking B10'
UPDATE parkings SET parkingprob = 64 WHERE parkingname='Parking B11'
UPDATE parkings SET parkingprob = 95 WHERE parkingname='Parking B12'
UPDATE parkings SET parkingprob = 92 WHERE parkingname='Parking B13'
UPDATE parkings SET parkingprob = 108 WHERE parkingname='Parking B14'
UPDATE parkings SET parkingprob = 100 WHERE parkingname='Parking B15'
UPDATE parkings SET parkingprob = 47 WHERE parkingname='Parking B16'
UPDATE parkings SET parkingprob = 76 WHERE parkingname='Parking B17'
UPDATE parkings SET parkingprob = 93 WHERE parkingname='Parking B18'
UPDATE parkings SET parkingprob = 84 WHERE parkingname='Parking B2'
UPDATE parkings SET parkingprob = 70 WHERE parkingname='Parking B3'
UPDATE parkings SET parkingprob = 100 WHERE parkingname='Parking B4'
UPDATE parkings SET parkingprob = 9 WHERE parkingname='Parking B5'
UPDATE parkings SET parkingprob = 23 WHERE parkingname='Parking B6'
UPDATE parkings SET parkingprob = 52 WHERE parkingname='Parking B7'
UPDATE parkings SET parkingprob = 67 WHERE parkingname='Parking B8'
UPDATE parkings SET parkingprob = 94 WHERE parkingname='Parking B9'
UPDATE parkings SET parkingprob = 79 WHERE parkingname='Parking C'
UPDATE parkings SET parkingprob = 81 WHERE parkingname='Parking C1'
UPDATE parkings SET parkingprob = 79 WHERE parkingname='Parking C2'
UPDATE parkings SET parkingprob = 100 WHERE parkingname='Parking C3'
UPDATE parkings SET parkingprob = 11 WHERE parkingname='Parking D'
UPDATE parkings SET parkingprob = 59 WHERE parkingname='Parking D1'
UPDATE parkings SET parkingprob = 5 WHERE parkingname='Parking D2'
UPDATE parkings SET parkingprob = 84 WHERE parkingname='Parking E'
UPDATE parkings SET parkingprob = 76 WHERE parkingname='Parking E1'
UPDATE parkings SET parkingprob = 62 WHERE parkingname='Parking E2'
UPDATE parkings SET parkingprob = 15 WHERE parkingname='Parking E4'
UPDATE parkings SET parkingprob = 8 WHERE parkingname='Parking F'
UPDATE parkings SET parkingprob = 88 WHERE parkingname='Parking G'
UPDATE parkings SET parkingprob = 95 WHERE parkingname='Parking H'
UPDATE parkings SET parkingprob = 100 WHERE parkingname='Parking H1'
UPDATE parkings SET parkingprob = 3 WHERE parkingname='Parking H10'
UPDATE parkings SET parkingprob = 89 WHERE parkingname='Parking H2'
UPDATE parkings SET parkingprob = 51 WHERE parkingname='Parking H3'
UPDATE parkings SET parkingprob = 80 WHERE parkingname='Parking H4'
UPDATE parkings SET parkingprob = 100 WHERE parkingname='Parking H5'
UPDATE parkings SET parkingprob = 100 WHERE parkingname='Parking H6'
UPDATE parkings SET parkingprob = 82 WHERE parkingname='Parking H7'
UPDATE parkings SET parkingprob = 93 WHERE parkingname='Parking H8'
UPDATE parkings SET parkingprob = 78 WHERE parkingname='Parking H9'
UPDATE parkings SET parkingprob = 11 WHERE parkingname='Parking I'
/home/jesse/rails_apps/erfan_project
Monday
12
UPDATE parkings SET parkingprob = 71 WHERE parkingname='Parking A'
UPDATE parkings SET parkingprob = 100 WHERE parkingname='Parking B'
UPDATE parkings SET parkingprob = 87 WHERE parkingname='Parking B1'
UPDATE parkings SET parkingprob = 100 WHERE parkingname='Parking B10'
UPDATE parkings SET parkingprob = 100 WHERE parkingname='Parking B11'
UPDATE parkings SET parkingprob = 95 WHERE parkingname='Parking B12'
UPDATE parkings SET parkingprob = 90 WHERE parkingname='Parking B13'
UPDATE parkings SET parkingprob = 105 WHERE parkingname='Parking B14'
UPDATE parkings SET parkingprob = 97 WHERE parkingname='Parking B15'
UPDATE parkings SET parkingprob = 72 WHERE parkingname='Parking B16'
UPDATE parkings SET parkingprob = 77 WHERE parkingname='Parking B17'
UPDATE parkings SET parkingprob = 63 WHERE parkingname='Parking B18'
UPDATE parkings SET parkingprob = 97 WHERE parkingname='Parking B2'
UPDATE parkings SET parkingprob = 98 WHERE parkingname='Parking B3'
UPDATE parkings SET parkingprob = 100 WHERE parkingname='Parking B4'
UPDATE parkings SET parkingprob = 81 WHERE parkingname='Parking B5'
UPDATE parkings SET parkingprob = 96 WHERE parkingname='Parking B6'
UPDATE parkings SET parkingprob = 94 WHERE parkingname='Parking B7'
UPDATE parkings SET parkingprob = 74 WHERE parkingname='Parking B8'
UPDATE parkings SET parkingprob = 94 WHERE parkingname='Parking B9'
UPDATE parkings SET parkingprob = 100 WHERE parkingname='Parking C'
UPDATE parkings SET parkingprob = 98 WHERE parkingname='Parking C1'
UPDATE parkings SET parkingprob = 100 WHERE parkingname='Parking C2'
UPDATE parkings SET parkingprob = 100 WHERE parkingname='Parking C3'
UPDATE parkings SET parkingprob = 93 WHERE parkingname='Parking D'
UPDATE parkings SET parkingprob = 96 WHERE parkingname='Parking D1'
UPDATE parkings SET parkingprob = 100 WHERE parkingname='Parking D2'
UPDATE parkings SET parkingprob = 84 WHERE parkingname='Parking E'
UPDATE parkings SET parkingprob = 57 WHERE parkingname='Parking E1'
UPDATE parkings SET parkingprob = 32 WHERE parkingname='Parking E2'
UPDATE parkings SET parkingprob = 22 WHERE parkingname='Parking E4'
UPDATE parkings SET parkingprob = 48 WHERE parkingname='Parking F'
UPDATE parkings SET parkingprob = 94 WHERE parkingname='Parking G'
UPDATE parkings SET parkingprob = 98 WHERE parkingname='Parking H'
UPDATE parkings SET parkingprob = 100 WHERE parkingname='Parking H1'
UPDATE parkings SET parkingprob = 53 WHERE parkingname='Parking H10'
UPDATE parkings SET parkingprob = 93 WHERE parkingname='Parking H2'
UPDATE parkings SET parkingprob = 92 WHERE parkingname='Parking H3'
UPDATE parkings SET parkingprob = 96 WHERE parkingname='Parking H4'
UPDATE parkings SET parkingprob = 98 WHERE parkingname='Parking H5'
UPDATE parkings SET parkingprob = 92 WHERE parkingname='Parking H6'
UPDATE parkings SET parkingprob = 84 WHERE parkingname='Parking H7'
UPDATE parkings SET parkingprob = 97 WHERE parkingname='Parking H8'
UPDATE parkings SET parkingprob = 85 WHERE parkingname='Parking H9'
UPDATE parkings SET parkingprob = 98 WHERE parkingname='Parking I'
/home/jesse/rails_apps/erfan_project
Monday
20
UPDATE parkings SET parkingprob = -100 WHERE parkingname='Parking A'
UPDATE parkings SET parkingprob = -100 WHERE parkingname='Parking B'
UPDATE parkings SET parkingprob = -100 WHERE parkingname='Parking B1'
UPDATE parkings SET parkingprob = -100 WHERE parkingname='Parking B10'
UPDATE parkings SET parkingprob = -100 WHERE parkingname='Parking B11'
UPDATE parkings SET parkingprob = -100 WHERE parkingname='Parking B12'
UPDATE parkings SET parkingprob = -100 WHERE parkingname='Parking B13'
UPDATE parkings SET parkingprob = -100 WHERE parkingname='Parking B14'
UPDATE parkings SET parkingprob = -100 WHERE parkingname='Parking B15'
UPDATE parkings SET parkingprob = -100 WHERE parkingname='Parking B16'
UPDATE parkings SET parkingprob = -100 WHERE parkingname='Parking B17'
UPDATE parkings SET parkingprob = -100 WHERE parkingname='Parking B18'
UPDATE parkings SET parkingprob = -100 WHERE parkingname='Parking B2'
UPDATE parkings SET parkingprob = -100 WHERE parkingname='Parking B3'
UPDATE parkings SET parkingprob = -100 WHERE parkingname='Parking B4'
UPDATE parkings SET parkingprob = -100 WHERE parkingname='Parking B5'
UPDATE parkings SET parkingprob = -100 WHERE parkingname='Parking B6'
UPDATE parkings SET parkingprob = -100 WHERE parkingname='Parking B7'
UPDATE parkings SET parkingprob = -100 WHERE parkingname='Parking B8'
UPDATE parkings SET parkingprob = -100 WHERE parkingname='Parking B9'
UPDATE parkings SET parkingprob = -100 WHERE parkingname='Parking C'
UPDATE parkings SET parkingprob = -100 WHERE parkingname='Parking C1'
UPDATE parkings SET parkingprob = -100 WHERE parkingname='Parking C2'
UPDATE parkings SET parkingprob = -100 WHERE parkingname='Parking C3'
UPDATE parkings SET parkingprob = -100 WHERE parkingname='Parking D'
UPDATE parkings SET parkingprob = -100 WHERE parkingname='Parking D1'
UPDATE parkings SET parkingprob = -100 WHERE parkingname='Parking D2'
UPDATE parkings SET parkingprob = -100 WHERE parkingname='Parking E'
UPDATE parkings SET parkingprob = -100 WHERE parkingname='Parking E1'
UPDATE parkings SET parkingprob = -100 WHERE parkingname='Parking E2'
UPDATE parkings SET parkingprob = -100 WHERE parkingname='Parking E4'
UPDATE parkings SET parkingprob = -100 WHERE parkingname='Parking F'
UPDATE parkings SET parkingprob = -100 WHERE parkingname='Parking G'
UPDATE parkings SET parkingprob = -100 WHERE parkingname='Parking H'
UPDATE parkings SET parkingprob = -100 WHERE parkingname='Parking H1'
UPDATE parkings SET parkingprob = -100 WHERE parkingname='Parking H10'
UPDATE parkings SET parkingprob = -100 WHERE parkingname='Parking H2'
UPDATE parkings SET parkingprob = -100 WHERE parkingname='Parking H3'
UPDATE parkings SET parkingprob = -100 WHERE parkingname='Parking H4'
UPDATE parkings SET parkingprob = -100 WHERE parkingname='Parking H5'
UPDATE parkings SET parkingprob = -100 WHERE parkingname='Parking H6'
UPDATE parkings SET parkingprob = -100 WHERE parkingname='Parking H7'
UPDATE parkings SET parkingprob = -100 WHERE parkingname='Parking H8'
UPDATE parkings SET parkingprob = -100 WHERE parkingname='Parking H9'
UPDATE parkings SET parkingprob = -100 WHERE parkingname='Parking I'
/home/jesse/rails_apps/erfan_project
Monday
18
UPDATE parkings SET parkingprob = 84 WHERE parkingname='Parking A'
UPDATE parkings SET parkingprob = 100 WHERE parkingname='Parking B'
UPDATE parkings SET parkingprob = 50 WHERE parkingname='Parking B1'
UPDATE parkings SET parkingprob = 78 WHERE parkingname='Parking B10'
UPDATE parkings SET parkingprob = 19 WHERE parkingname='Parking B11'
UPDATE parkings SET parkingprob = 62 WHERE parkingname='Parking B12'
UPDATE parkings SET parkingprob = 66 WHERE parkingname='Parking B13'
UPDATE parkings SET parkingprob = 100 WHERE parkingname='Parking B14'
UPDATE parkings SET parkingprob = 100 WHERE parkingname='Parking B15'
UPDATE parkings SET parkingprob = 2 WHERE parkingname='Parking B16'
UPDATE parkings SET parkingprob = 10 WHERE parkingname='Parking B17'
UPDATE parkings SET parkingprob = 45 WHERE parkingname='Parking B18'
UPDATE parkings SET parkingprob = 20 WHERE parkingname='Parking B2'
UPDATE parkings SET parkingprob = 11 WHERE parkingname='Parking B3'
UPDATE parkings SET parkingprob = 91 WHERE parkingname='Parking B4'
UPDATE parkings SET parkingprob = 98 WHERE parkingname='Parking B5'
UPDATE parkings SET parkingprob = 28 WHERE parkingname='Parking B6'
UPDATE parkings SET parkingprob = 42 WHERE parkingname='Parking B7'
UPDATE parkings SET parkingprob = 96 WHERE parkingname='Parking B8'
UPDATE parkings SET parkingprob = 100 WHERE parkingname='Parking B9'
UPDATE parkings SET parkingprob = 98 WHERE parkingname='Parking C'
UPDATE parkings SET parkingprob = 100 WHERE parkingname='Parking C1'
UPDATE parkings SET parkingprob = 88 WHERE parkingname='Parking C2'
UPDATE parkings SET parkingprob = 100 WHERE parkingname='Parking C3'
UPDATE parkings SET parkingprob = 90 WHERE parkingname='Parking D'
UPDATE parkings SET parkingprob = 88 WHERE parkingname='Parking D1'
UPDATE parkings SET parkingprob = 94 WHERE parkingname='Parking D2'
UPDATE parkings SET parkingprob = 80 WHERE parkingname='Parking E'
UPDATE parkings SET parkingprob = 35 WHERE parkingname='Parking E1'
UPDATE parkings SET parkingprob = 14 WHERE parkingname='Parking E2'
UPDATE parkings SET parkingprob = 4 WHERE parkingname='Parking E4'
UPDATE parkings SET parkingprob = 30 WHERE parkingname='Parking F'
UPDATE parkings SET parkingprob = 87 WHERE parkingname='Parking G'
UPDATE parkings SET parkingprob = 70 WHERE parkingname='Parking H'
UPDATE parkings SET parkingprob = 88 WHERE parkingname='Parking H1'
UPDATE parkings SET parkingprob = 44 WHERE parkingname='Parking H10'
UPDATE parkings SET parkingprob = 80 WHERE parkingname='Parking H2'
UPDATE parkings SET parkingprob = 81 WHERE parkingname='Parking H3'
UPDATE parkings SET parkingprob = 100 WHERE parkingname='Parking H4'
UPDATE parkings SET parkingprob = 100 WHERE parkingname='Parking H5'
UPDATE parkings SET parkingprob = 100 WHERE parkingname='Parking H6'
UPDATE parkings SET parkingprob = 100 WHERE parkingname='Parking H7'
UPDATE parkings SET parkingprob = 100 WHERE parkingname='Parking H8'
UPDATE parkings SET parkingprob = 87 WHERE parkingname='Parking H9'
UPDATE parkings SET parkingprob = 93 WHERE parkingname='Parking I'
/home/jesse/rails_apps/erfan_project
Monday
14
UPDATE parkings SET parkingprob = 73 WHERE parkingname='Parking A'
UPDATE parkings SET parkingprob = 100 WHERE parkingname='Parking B'
UPDATE parkings SET parkingprob = 100 WHERE parkingname='Parking B1'
UPDATE parkings SET parkingprob = 100 WHERE parkingname='Parking B10'
UPDATE parkings SET parkingprob = 100 WHERE parkingname='Parking B11'
UPDATE parkings SET parkingprob = 99 WHERE parkingname='Parking B12'
UPDATE parkings SET parkingprob = 95 WHERE parkingname='Parking B13'
UPDATE parkings SET parkingprob = 108 WHERE parkingname='Parking B14'
UPDATE parkings SET parkingprob = 97 WHERE parkingname='Parking B15'
UPDATE parkings SET parkingprob = 69 WHERE parkingname='Parking B16'
UPDATE parkings SET parkingprob = 87 WHERE parkingname='Parking B17'
UPDATE parkings SET parkingprob = 60 WHERE parkingname='Parking B18'
UPDATE parkings SET parkingprob = 97 WHERE parkingname='Parking B2'
UPDATE parkings SET parkingprob = 100 WHERE parkingname='Parking B3'
UPDATE parkings SET parkingprob = 98 WHERE parkingname='Parking B4'
UPDATE parkings SET parkingprob = 79 WHERE parkingname='Parking B5'
UPDATE parkings SET parkingprob = 91 WHERE parkingname='Parking B6'
UPDATE parkings SET parkingprob = 96 WHERE parkingname='Parking B7'
UPDATE parkings SET parkingprob = 77 WHERE parkingname='Parking B8'
UPDATE parkings SET parkingprob = 98 WHERE parkingname='Parking B9'
UPDATE parkings SET parkingprob = 100 WHERE parkingname='Parking C'
UPDATE parkings SET parkingprob = 100 WHERE parkingname='Parking C1'
UPDATE parkings SET parkingprob = 100 WHERE parkingname='Parking C2'
UPDATE parkings SET parkingprob = 100 WHERE parkingname='Parking C3'
UPDATE parkings SET parkingprob = 93 WHERE parkingname='Parking D'
UPDATE parkings SET parkingprob = 94 WHERE parkingname='Parking D1'
UPDATE parkings SET parkingprob = 100 WHERE parkingname='Parking D2'
UPDATE parkings SET parkingprob = 80 WHERE parkingname='Parking E'
UPDATE parkings SET parkingprob = 57 WHERE parkingname='Parking E1'
UPDATE parkings SET parkingprob = 32 WHERE parkingname='Parking E2'
UPDATE parkings SET parkingprob = 8 WHERE parkingname='Parking E4'
UPDATE parkings SET parkingprob = 48 WHERE parkingname='Parking F'
UPDATE parkings SET parkingprob = 90 WHERE parkingname='Parking G'
UPDATE parkings SET parkingprob = 95 WHERE parkingname='Parking H'
UPDATE parkings SET parkingprob = 100 WHERE parkingname='Parking H1'
UPDATE parkings SET parkingprob = 67 WHERE parkingname='Parking H10'
UPDATE parkings SET parkingprob = 93 WHERE parkingname='Parking H2'
UPDATE parkings SET parkingprob = 95 WHERE parkingname='Parking H3'
UPDATE parkings SET parkingprob = 99 WHERE parkingname='Parking H4'
UPDATE parkings SET parkingprob = 100 WHERE parkingname='Parking H5'
UPDATE parkings SET parkingprob = 100 WHERE parkingname='Parking H6'
UPDATE parkings SET parkingprob = 86 WHERE parkingname='Parking H7'
UPDATE parkings SET parkingprob = 90 WHERE parkingname='Parking H8'
UPDATE parkings SET parkingprob = 85 WHERE parkingname='Parking H9'
UPDATE parkings SET parkingprob = 93 WHERE parkingname='Parking I'
/home/jesse/rails_apps/erfan_project
Monday
16
UPDATE parkings SET parkingprob = 79 WHERE parkingname='Parking A'
UPDATE parkings SET parkingprob = 100 WHERE parkingname='Parking B'
UPDATE parkings SET parkingprob = 62 WHERE parkingname='Parking B1'
UPDATE parkings SET parkingprob = 82 WHERE parkingname='Parking B10'
UPDATE parkings SET parkingprob = 59 WHERE parkingname='Parking B11'
UPDATE parkings SET parkingprob = 41 WHERE parkingname='Parking B12'
UPDATE parkings SET parkingprob = 83 WHERE parkingname='Parking B13'
UPDATE parkings SET parkingprob = 102 WHERE parkingname='Parking B14'
UPDATE parkings SET parkingprob = 100 WHERE parkingname='Parking B15'
UPDATE parkings SET parkingprob = 20 WHERE parkingname='Parking B16'
UPDATE parkings SET parkingprob = 14 WHERE parkingname='Parking B17'
UPDATE parkings SET parkingprob = 48 WHERE parkingname='Parking B18'
UPDATE parkings SET parkingprob = 27 WHERE parkingname='Parking B2'
UPDATE parkings SET parkingprob = 11 WHERE parkingname='Parking B3'
UPDATE parkings SET parkingprob = 100 WHERE parkingname='Parking B4'
UPDATE parkings SET parkingprob = 21 WHERE parkingname='Parking B5'
UPDATE parkings SET parkingprob = 33 WHERE parkingname='Parking B6'
UPDATE parkings SET parkingprob = 82 WHERE parkingname='Parking B7'
UPDATE parkings SET parkingprob = 71 WHERE parkingname='Parking B8'
UPDATE parkings SET parkingprob = 88 WHERE parkingname='Parking B9'
UPDATE parkings SET parkingprob = 98 WHERE parkingname='Parking C'
UPDATE parkings SET parkingprob = 100 WHERE parkingname='Parking C1'
UPDATE parkings SET parkingprob = 100 WHERE parkingname='Parking C2'
UPDATE parkings SET parkingprob = 96 WHERE parkingname='Parking C3'
UPDATE parkings SET parkingprob = 92 WHERE parkingname='Parking D'
UPDATE parkings SET parkingprob = 96 WHERE parkingname='Parking D1'
UPDATE parkings SET parkingprob = 100 WHERE parkingname='Parking D2'
UPDATE parkings SET parkingprob = 78 WHERE parkingname='Parking E'
UPDATE parkings SET parkingprob = 50 WHERE parkingname='Parking E1'
UPDATE parkings SET parkingprob = 26 WHERE parkingname='Parking E2'
UPDATE parkings SET parkingprob = 4 WHERE parkingname='Parking E4'
UPDATE parkings SET parkingprob = 36 WHERE parkingname='Parking F'
UPDATE parkings SET parkingprob = 91 WHERE parkingname='Parking G'
UPDATE parkings SET parkingprob = 84 WHERE parkingname='Parking H'
UPDATE parkings SET parkingprob = 97 WHERE parkingname='Parking H1'
UPDATE parkings SET parkingprob = 53 WHERE parkingname='Parking H10'
UPDATE parkings SET parkingprob = 88 WHERE parkingname='Parking H2'
UPDATE parkings SET parkingprob = 90 WHERE parkingname='Parking H3'
UPDATE parkings SET parkingprob = 98 WHERE parkingname='Parking H4'
UPDATE parkings SET parkingprob = 100 WHERE parkingname='Parking H5'
UPDATE parkings SET parkingprob = 100 WHERE parkingname='Parking H6'
UPDATE parkings SET parkingprob = 92 WHERE parkingname='Parking H7'
UPDATE parkings SET parkingprob = 88 WHERE parkingname='Parking H8'
UPDATE parkings SET parkingprob = 82 WHERE parkingname='Parking H9'
UPDATE parkings SET parkingprob = 94 WHERE parkingname='Parking I'
/home/jesse/rails_apps/erfan_project
Monday
10
UPDATE parkings SET parkingprob = 29 WHERE parkingname='Parking A'
UPDATE parkings SET parkingprob = 94 WHERE parkingname='Parking B'
UPDATE parkings SET parkingprob = 100 WHERE parkingname='Parking B1'
UPDATE parkings SET parkingprob = 100 WHERE parkingname='Parking B10'
UPDATE parkings SET parkingprob = 100 WHERE parkingname='Parking B11'
UPDATE parkings SET parkingprob = 100 WHERE parkingname='Parking B12'
UPDATE parkings SET parkingprob = 100 WHERE parkingname='Parking B13'
UPDATE parkings SET parkingprob = 102 WHERE parkingname='Parking B14'
UPDATE parkings SET parkingprob = 100 WHERE parkingname='Parking B15'
UPDATE parkings SET parkingprob = 67 WHERE parkingname='Parking B16'
UPDATE parkings SET parkingprob = 84 WHERE parkingname='Parking B17'
UPDATE parkings SET parkingprob = 81 WHERE parkingname='Parking B18'
UPDATE parkings SET parkingprob = 100 WHERE parkingname='Parking B2'
UPDATE parkings SET parkingprob = 100 WHERE parkingname='Parking B3'
UPDATE parkings SET parkingprob = 100 WHERE parkingname='Parking B4'
UPDATE parkings SET parkingprob = 46 WHERE parkingname='Parking B5'
UPDATE parkings SET parkingprob = 95 WHERE parkingname='Parking B6'
UPDATE parkings SET parkingprob = 92 WHERE parkingname='Parking B7'
UPDATE parkings SET parkingprob = 76 WHERE parkingname='Parking B8'
UPDATE parkings SET parkingprob = 100 WHERE parkingname='Parking B9'
UPDATE parkings SET parkingprob = 100 WHERE parkingname='Parking C'
UPDATE parkings SET parkingprob = 97 WHERE parkingname='Parking C1'
UPDATE parkings SET parkingprob = 100 WHERE parkingname='Parking C2'
UPDATE parkings SET parkingprob = 100 WHERE parkingname='Parking C3'
UPDATE parkings SET parkingprob = 75 WHERE parkingname='Parking D'
UPDATE parkings SET parkingprob = 83 WHERE parkingname='Parking D1'
UPDATE parkings SET parkingprob = 96 WHERE parkingname='Parking D2'
UPDATE parkings SET parkingprob = 84 WHERE parkingname='Parking E'
UPDATE parkings SET parkingprob = 61 WHERE parkingname='Parking E1'
UPDATE parkings SET parkingprob = 58 WHERE parkingname='Parking E2'
UPDATE parkings SET parkingprob = 22 WHERE parkingname='Parking E4'
UPDATE parkings SET parkingprob = 32 WHERE parkingname='Parking F'
UPDATE parkings SET parkingprob = 92 WHERE parkingname='Parking G'
UPDATE parkings SET parkingprob = 95 WHERE parkingname='Parking H'
UPDATE parkings SET parkingprob = 100 WHERE parkingname='Parking H1'
UPDATE parkings SET parkingprob = 29 WHERE parkingname='Parking H10'
UPDATE parkings SET parkingprob = 92 WHERE parkingname='Parking H2'
UPDATE parkings SET parkingprob = 86 WHERE parkingname='Parking H3'
UPDATE parkings SET parkingprob = 100 WHERE parkingname='Parking H4'
UPDATE parkings SET parkingprob = 100 WHERE parkingname='Parking H5'
UPDATE parkings SET parkingprob = 100 WHERE parkingname='Parking H6'
UPDATE parkings SET parkingprob = 84 WHERE parkingname='Parking H7'
UPDATE parkings SET parkingprob = 94 WHERE parkingname='Parking H8'
UPDATE parkings SET parkingprob = 85 WHERE parkingname='Parking H9'
UPDATE parkings SET parkingprob = 74 WHERE parkingname='Parking I'
